2015-03-09 00:11:36-0400 [scrapy] INFO: Scrapy 0.24.4 started (bot: wikiSpider)
2015-03-09 00:11:36-0400 [scrapy] INFO: Optional features available: ssl, http11
2015-03-09 00:11:36-0400 [scrapy] INFO: Overridden settings: {'NEWSPIDER_MODULE': 'wikiSpider.spiders', 'SPIDER_MODULES': ['wikiSpider.spiders'], 'LOG_FILE': 'wiki.log', 'BOT_NAME': 'wikiSpider'}
2015-03-09 00:11:36-0400 [scrapy] INFO: Enabled extensions: LogStats, TelnetConsole, CloseSpider, WebService, CoreStats, SpiderState
2015-03-09 00:11:37-0400 [scrapy] INFO: Enabled downloader middlewares: HttpAuthMiddleware, DownloadTimeoutMiddleware, UserAgentMiddleware, RetryMiddleware, DefaultHeadersMiddleware, MetaRefreshMiddleware, HttpCompressionMiddleware, RedirectMiddleware, CookiesMiddleware, ChunkedTransferMiddleware, DownloaderStats
2015-03-09 00:11:37-0400 [scrapy] INFO: Enabled spider middlewares: HttpErrorMiddleware, OffsiteMiddleware, RefererMiddleware, UrlLengthMiddleware, DepthMiddleware
2015-03-09 00:11:37-0400 [scrapy] INFO: Enabled item pipelines: 
2015-03-09 00:11:37-0400 [article] INFO: Spider opened
2015-03-09 00:11:37-0400 [article] INFO: Crawled 0 pages (at 0 pages/min), scraped 0 items (at 0 items/min)
2015-03-09 00:11:37-0400 [scrapy] DEBUG: Telnet console listening on 127.0.0.1:6023
2015-03-09 00:11:37-0400 [scrapy] DEBUG: Web service listening on 127.0.0.1:6080
2015-03-09 00:11:37-0400 [article] DEBUG: Crawled (200) <GET http://en.wikipedia.org/wiki/Python_%28programming_language%29> (referer: None)
2015-03-09 00:11:37-0400 [scrapy] INFO: Received SIGINT, shutting down gracefully. Send again to force 
2015-03-09 00:11:37-0400 [article] INFO: Closing spider (shutdown)
2015-03-09 00:11:37-0400 [article] DEBUG: Filtered offsite request to 'en.wikibooks.org': <GET http://en.wikibooks.org/wiki/Python_Programming>
2015-03-09 00:11:37-0400 [article] DEBUG: Filtered offsite request to 'code.google.com': <GET https://code.google.com/p/unladen-swallow/wiki/ProjectPlan>
2015-03-09 00:11:37-0400 [article] DEBUG: Filtered offsite request to 'en.wikiquote.org': <GET http://en.wikiquote.org/wiki/Python>
2015-03-09 00:11:37-0400 [scrapy] INFO: Received SIGINT twice, forcing unclean shutdown
2016-04-22 12:06:19 [scrapy] INFO: Scrapy 1.0.5 started (bot: wikiSpider)
2016-04-22 12:06:19 [scrapy] INFO: Optional features available: ssl, http11
2016-04-22 12:06:19 [scrapy] INFO: Overridden settings: {'NEWSPIDER_MODULE': 'wikiSpider.spiders', 'SPIDER_MODULES': ['wikiSpider.spiders'], 'LOG_FILE': 'wiki.log', 'BOT_NAME': 'wikiSpider'}
2016-04-22 12:06:19 [scrapy] INFO: Enabled extensions: CloseSpider, TelnetConsole, LogStats, CoreStats, SpiderState
2016-04-22 12:06:19 [scrapy] INFO: Enabled downloader middlewares: HttpAuthMiddleware, DownloadTimeoutMiddleware, UserAgentMiddleware, RetryMiddleware, DefaultHeadersMiddleware, MetaRefreshMiddleware, HttpCompressionMiddleware, RedirectMiddleware, CookiesMiddleware, ChunkedTransferMiddleware, DownloaderStats
2016-04-22 12:06:19 [scrapy] INFO: Enabled spider middlewares: HttpErrorMiddleware, OffsiteMiddleware, RefererMiddleware, UrlLengthMiddleware, DepthMiddleware
2016-04-22 12:06:19 [scrapy] INFO: Enabled item pipelines: 
2016-04-22 12:06:19 [scrapy] INFO: Spider opened
2016-04-22 12:06:19 [scrapy] INFO: Crawled 0 pages (at 0 pages/min), scraped 0 items (at 0 items/min)
2016-04-22 12:06:19 [scrapy] DEBUG: Telnet console listening on 127.0.0.1:6023
2016-04-22 12:06:20 [scrapy] DEBUG: Redirecting (301) to <GET https://en.wikipedia.org/wiki/Python_%28programming_language%29> from <GET http://en.wikipedia.org/wiki/Python_%28programming_language%29>
2016-04-22 12:06:21 [scrapy] DEBUG: Crawled (200) <GET https://en.wikipedia.org/wiki/Python_%28programming_language%29> (referer: None)
2016-04-22 12:06:21 [scrapy] DEBUG: Filtered offsite request to 'en.wikibooks.org': <GET https://en.wikibooks.org/wiki/Python_Programming>
2016-04-22 12:06:21 [scrapy] DEBUG: Filtered offsite request to 'code.google.com': <GET https://code.google.com/p/unladen-swallow/wiki/ProjectPlan>
2016-04-22 12:06:21 [scrapy] DEBUG: Filtered offsite request to 'en.wikiquote.org': <GET https://en.wikiquote.org/wiki/Python>
2016-04-22 12:06:21 [scrapy] DEBUG: Filtered offsite request to 'www.wikidata.org': <GET https://www.wikidata.org/wiki/Q28865>
2016-04-22 12:06:21 [scrapy] DEBUG: Filtered offsite request to 'af.wikipedia.org': <GET https://af.wikipedia.org/wiki/Python_(programmeertaal)>
2016-04-22 12:06:21 [scrapy] DEBUG: Filtered offsite request to 'als.wikipedia.org': <GET https://als.wikipedia.org/wiki/Python_(Programmiersprache)>
2016-04-22 12:06:21 [scrapy] DEBUG: Filtered offsite request to 'ar.wikipedia.org': <GET https://ar.wikipedia.org/wiki/%D8%A8%D8%A7%D9%8A%D8%AB%D9%88%D9%86>
2016-04-22 12:06:21 [scrapy] DEBUG: Filtered offsite request to 'an.wikipedia.org': <GET https://an.wikipedia.org/wiki/Python>
2016-04-22 12:06:21 [scrapy] DEBUG: Filtered offsite request to 'as.wikipedia.org': <GET https://as.wikipedia.org/wiki/%E0%A6%AA%E0%A6%BE%E0%A6%87%E0%A6%A5%E0%A6%A8>
2016-04-22 12:06:21 [scrapy] DEBUG: Filtered offsite request to 'az.wikipedia.org': <GET https://az.wikipedia.org/wiki/Python_(proqramla%C5%9Fd%C4%B1rma_dili)>
2016-04-22 12:06:21 [scrapy] DEBUG: Filtered offsite request to 'azb.wikipedia.org': <GET https://azb.wikipedia.org/wiki/%D9%BE%D8%A7%DB%8C%D8%AA%D9%88%D9%86>
2016-04-22 12:06:21 [scrapy] DEBUG: Filtered offsite request to 'bn.wikipedia.org': <GET https://bn.wikipedia.org/wiki/%E0%A6%AA%E0%A6%BE%E0%A6%87%E0%A6%A5%E0%A6%A8_(%E0%A6%AA%E0%A7%8D%E0%A6%B0%E0%A7%8B%E0%A6%97%E0%A7%8D%E0%A6%B0%E0%A6%BE%E0%A6%AE%E0%A6%BF%E0%A6%82_%E0%A6%AD%E0%A6%BE%E0%A6%B7%E0%A6%BE)>
2016-04-22 12:06:21 [scrapy] DEBUG: Filtered offsite request to 'zh-min-nan.wikipedia.org': <GET https://zh-min-nan.wikipedia.org/wiki/Python>
2016-04-22 12:06:21 [scrapy] DEBUG: Filtered offsite request to 'be.wikipedia.org': <GET https://be.wikipedia.org/wiki/Python,_%D0%BC%D0%BE%D0%B2%D0%B0_%D0%BF%D1%80%D0%B0%D0%B3%D1%80%D0%B0%D0%BC%D0%B0%D0%B2%D0%B0%D0%BD%D0%BD%D1%8F>
2016-04-22 12:06:21 [scrapy] DEBUG: Filtered offsite request to 'bg.wikipedia.org': <GET https://bg.wikipedia.org/wiki/Python>
2016-04-22 12:06:21 [scrapy] DEBUG: Filtered offsite request to 'bs.wikipedia.org': <GET https://bs.wikipedia.org/wiki/Python_(programski_jezik)>
2016-04-22 12:06:21 [scrapy] DEBUG: Filtered offsite request to 'ca.wikipedia.org': <GET https://ca.wikipedia.org/wiki/Python>
2016-04-22 12:06:21 [scrapy] DEBUG: Filtered offsite request to 'ceb.wikipedia.org': <GET https://ceb.wikipedia.org/wiki/Python_(programming_language)>
2016-04-22 12:06:21 [scrapy] DEBUG: Filtered offsite request to 'cs.wikipedia.org': <GET https://cs.wikipedia.org/wiki/Python>
2016-04-22 12:06:21 [scrapy] DEBUG: Filtered offsite request to 'da.wikipedia.org': <GET https://da.wikipedia.org/wiki/Python_(programmeringssprog)>
2016-04-22 12:06:21 [scrapy] DEBUG: Filtered offsite request to 'de.wikipedia.org': <GET https://de.wikipedia.org/wiki/Python_(Programmiersprache)>
2016-04-22 12:06:21 [scrapy] DEBUG: Filtered offsite request to 'et.wikipedia.org': <GET https://et.wikipedia.org/wiki/Python_(programmeerimiskeel)>
2016-04-22 12:06:21 [scrapy] DEBUG: Filtered offsite request to 'el.wikipedia.org': <GET https://el.wikipedia.org/wiki/Python>
2016-04-22 12:06:21 [scrapy] DEBUG: Filtered offsite request to 'es.wikipedia.org': <GET https://es.wikipedia.org/wiki/Python>
2016-04-22 12:06:21 [scrapy] DEBUG: Filtered offsite request to 'eo.wikipedia.org': <GET https://eo.wikipedia.org/wiki/Python_(programlingvo)>
2016-04-22 12:06:21 [scrapy] DEBUG: Filtered offsite request to 'eu.wikipedia.org': <GET https://eu.wikipedia.org/wiki/Python_(informatika)>
2016-04-22 12:06:21 [scrapy] DEBUG: Filtered offsite request to 'fa.wikipedia.org': <GET https://fa.wikipedia.org/wiki/%D9%BE%D8%A7%DB%8C%D8%AA%D9%88%D9%86_(%D8%B2%D8%A8%D8%A7%D9%86_%D8%A8%D8%B1%D9%86%D8%A7%D9%85%D9%87%E2%80%8C%D9%86%D9%88%DB%8C%D8%B3%DB%8C)>
2016-04-22 12:06:21 [scrapy] DEBUG: Filtered offsite request to 'fr.wikipedia.org': <GET https://fr.wikipedia.org/wiki/Python_(langage)>
2016-04-22 12:06:21 [scrapy] DEBUG: Filtered offsite request to 'gl.wikipedia.org': <GET https://gl.wikipedia.org/wiki/Python>
2016-04-22 12:06:21 [scrapy] DEBUG: Filtered offsite request to 'gu.wikipedia.org': <GET https://gu.wikipedia.org/wiki/%E0%AA%AA%E0%AA%BE%E0%AA%AF%E0%AA%A5%E0%AB%8B%E0%AA%A8(%E0%AA%AA%E0%AB%8D%E0%AA%B0%E0%AB%8B%E0%AA%97%E0%AB%8D%E0%AA%B0%E0%AA%BE%E0%AA%AE%E0%AA%BF%E0%AA%82%E0%AA%97_%E0%AA%AD%E0%AA%BE%E0%AA%B7%E0%AA%BE)>
2016-04-22 12:06:21 [scrapy] DEBUG: Filtered offsite request to 'ko.wikipedia.org': <GET https://ko.wikipedia.org/wiki/%ED%8C%8C%EC%9D%B4%EC%8D%AC>
2016-04-22 12:06:21 [scrapy] DEBUG: Filtered offsite request to 'hy.wikipedia.org': <GET https://hy.wikipedia.org/wiki/Python>
2016-04-22 12:06:21 [scrapy] DEBUG: Filtered offsite request to 'hi.wikipedia.org': <GET https://hi.wikipedia.org/wiki/%E0%A4%AA%E0%A4%BE%E0%A4%87%E0%A4%A5%E0%A4%A8_(%E0%A4%AA%E0%A5%8D%E0%A4%B0%E0%A5%8B%E0%A4%97%E0%A5%8D%E0%A4%B0%E0%A4%BE%E0%A4%AE%E0%A4%A8_%E0%A4%AD%E0%A4%BE%E0%A4%B7%E0%A4%BE)>
2016-04-22 12:06:21 [scrapy] DEBUG: Filtered offsite request to 'hr.wikipedia.org': <GET https://hr.wikipedia.org/wiki/Python_(programski_jezik)>
2016-04-22 12:06:21 [scrapy] DEBUG: Filtered offsite request to 'id.wikipedia.org': <GET https://id.wikipedia.org/wiki/Python_(bahasa_pemrograman)>
2016-04-22 12:06:21 [scrapy] DEBUG: Filtered offsite request to 'ia.wikipedia.org': <GET https://ia.wikipedia.org/wiki/Python_(linguage_de_programmation)>
2016-04-22 12:06:21 [scrapy] DEBUG: Filtered offsite request to 'is.wikipedia.org': <GET https://is.wikipedia.org/wiki/Python_(forritunarm%C3%A1l)>
2016-04-22 12:06:21 [scrapy] DEBUG: Filtered offsite request to 'it.wikipedia.org': <GET https://it.wikipedia.org/wiki/Python>
2016-04-22 12:06:21 [scrapy] DEBUG: Filtered offsite request to 'he.wikipedia.org': <GET https://he.wikipedia.org/wiki/%D7%A4%D7%99%D7%99%D7%AA%D7%95%D7%9F>
2016-04-22 12:06:21 [scrapy] DEBUG: Filtered offsite request to 'ka.wikipedia.org': <GET https://ka.wikipedia.org/wiki/%E1%83%9E%E1%83%98%E1%83%97%E1%83%9D%E1%83%9C%E1%83%98_(%E1%83%9E%E1%83%A0%E1%83%9D%E1%83%92%E1%83%A0%E1%83%90%E1%83%9B%E1%83%98%E1%83%A0%E1%83%94%E1%83%91%E1%83%98%E1%83%A1_%E1%83%94%E1%83%9C%E1%83%90)>
2016-04-22 12:06:21 [scrapy] DEBUG: Filtered offsite request to 'kk.wikipedia.org': <GET https://kk.wikipedia.org/wiki/Python>
2016-04-22 12:06:21 [scrapy] DEBUG: Filtered offsite request to 'la.wikipedia.org': <GET https://la.wikipedia.org/wiki/Python>
2016-04-22 12:06:21 [scrapy] DEBUG: Filtered offsite request to 'lv.wikipedia.org': <GET https://lv.wikipedia.org/wiki/Python>
2016-04-22 12:06:21 [scrapy] DEBUG: Filtered offsite request to 'lt.wikipedia.org': <GET https://lt.wikipedia.org/wiki/Python>
2016-04-22 12:06:21 [scrapy] DEBUG: Filtered offsite request to 'jbo.wikipedia.org': <GET https://jbo.wikipedia.org/wiki/paiton>
2016-04-22 12:06:21 [scrapy] DEBUG: Filtered offsite request to 'hu.wikipedia.org': <GET https://hu.wikipedia.org/wiki/Python_(programoz%C3%A1si_nyelv)>
2016-04-22 12:06:21 [scrapy] DEBUG: Filtered offsite request to 'mk.wikipedia.org': <GET https://mk.wikipedia.org/wiki/%D0%9F%D0%B0%D1%98%D1%82%D0%BE%D0%BD_(%D0%BF%D1%80%D0%BE%D0%B3%D1%80%D0%B0%D0%BC%D1%81%D0%BA%D0%B8_%D1%98%D0%B0%D0%B7%D0%B8%D0%BA)>
2016-04-22 12:06:21 [scrapy] DEBUG: Filtered offsite request to 'ml.wikipedia.org': <GET https://ml.wikipedia.org/wiki/%E0%B4%AA%E0%B5%88%E0%B4%A4%E0%B5%8D%E0%B4%A4%E0%B5%BA_(%E0%B4%AA%E0%B5%8D%E0%B4%B0%E0%B5%8B%E0%B4%97%E0%B5%8D%E0%B4%B0%E0%B4%BE%E0%B4%AE%E0%B4%BF%E0%B4%99%E0%B5%8D%E0%B4%99%E0%B5%8D_%E0%B4%AD%E0%B4%BE%E0%B4%B7)>
2016-04-22 12:06:21 [scrapy] DEBUG: Filtered offsite request to 'mr.wikipedia.org': <GET https://mr.wikipedia.org/wiki/%E0%A4%AA%E0%A4%BE%E0%A4%AF%E0%A4%A5%E0%A5%89%E0%A4%A8>
2016-04-22 12:06:21 [scrapy] DEBUG: Filtered offsite request to 'ms.wikipedia.org': <GET https://ms.wikipedia.org/wiki/Python>
2016-04-22 12:06:21 [scrapy] DEBUG: Filtered offsite request to 'mn.wikipedia.org': <GET https://mn.wikipedia.org/wiki/Python>
2016-04-22 12:06:21 [scrapy] DEBUG: Filtered offsite request to 'my.wikipedia.org': <GET https://my.wikipedia.org/wiki/Python_(programming_language)>
2016-04-22 12:06:21 [scrapy] DEBUG: Filtered offsite request to 'nl.wikipedia.org': <GET https://nl.wikipedia.org/wiki/Python_(programmeertaal)>
2016-04-22 12:06:21 [scrapy] DEBUG: Filtered offsite request to 'ne.wikipedia.org': <GET https://ne.wikipedia.org/wiki/%E0%A4%AA%E0%A4%BE%E0%A4%87%E0%A4%A5%E0%A4%A8_%E0%A4%AA%E0%A5%8D%E0%A4%B0%E0%A5%8B%E0%A4%97%E0%A5%8D%E0%A4%B0%E0%A4%BE%E0%A4%AE%E0%A4%BF%E0%A4%99%E0%A5%8D%E0%A4%97_%E0%A4%AD%E0%A4%BE%E0%A4%B7%E0%A4%BE>
2016-04-22 12:06:21 [scrapy] DEBUG: Filtered offsite request to 'ja.wikipedia.org': <GET https://ja.wikipedia.org/wiki/Python>
2016-04-22 12:06:21 [scrapy] DEBUG: Filtered offsite request to 'no.wikipedia.org': <GET https://no.wikipedia.org/wiki/Python>
2016-04-22 12:06:21 [scrapy] DEBUG: Filtered offsite request to 'or.wikipedia.org': <GET https://or.wikipedia.org/wiki/%E0%AC%AA%E0%AC%BE%E0%AC%87%E0%AC%A5%E0%AC%A8%E0%AD%8D_(%E0%AC%AA%E0%AD%8D%E0%AC%B0%E0%AD%8B%E0%AC%97%E0%AD%8D%E0%AC%B0%E0%AC%BE%E0%AC%AE%E0%AC%BF%E0%AC%82_%E0%AC%AD%E0%AC%BE%E0%AC%B7%E0%AC%BE)>
2016-04-22 12:06:21 [scrapy] DEBUG: Filtered offsite request to 'uz.wikipedia.org': <GET https://uz.wikipedia.org/wiki/Python>
2016-04-22 12:06:21 [scrapy] DEBUG: Filtered offsite request to 'km.wikipedia.org': <GET https://km.wikipedia.org/wiki/%E1%9E%95%E1%9E%B6%E1%9E%99%E1%9E%90%E1%9E%BB%E1%9E%93>
2016-04-22 12:06:21 [scrapy] DEBUG: Filtered offsite request to 'nds.wikipedia.org': <GET https://nds.wikipedia.org/wiki/Python_(Programmeerspraak)>
2016-04-22 12:06:21 [scrapy] DEBUG: Filtered offsite request to 'pl.wikipedia.org': <GET https://pl.wikipedia.org/wiki/Python>
2016-04-22 12:06:21 [scrapy] DEBUG: Filtered offsite request to 'pt.wikipedia.org': <GET https://pt.wikipedia.org/wiki/Python>
2016-04-22 12:06:21 [scrapy] DEBUG: Filtered offsite request to 'ro.wikipedia.org': <GET https://ro.wikipedia.org/wiki/Python>
2016-04-22 12:06:21 [scrapy] DEBUG: Filtered offsite request to 'ru.wikipedia.org': <GET https://ru.wikipedia.org/wiki/Python>
2016-04-22 12:06:21 [scrapy] DEBUG: Filtered offsite request to 'sco.wikipedia.org': <GET https://sco.wikipedia.org/wiki/Python_(programmin_leid)>
2016-04-22 12:06:21 [scrapy] DEBUG: Filtered offsite request to 'sq.wikipedia.org': <GET https://sq.wikipedia.org/wiki/Python>
2016-04-22 12:06:21 [scrapy] DEBUG: Filtered offsite request to 'si.wikipedia.org': <GET https://si.wikipedia.org/wiki/%E0%B6%B4%E0%B6%BA%E0%B7%92%E0%B6%AD%E0%B6%B1%E0%B7%8A>
2016-04-22 12:06:21 [scrapy] DEBUG: Filtered offsite request to 'simple.wikipedia.org': <GET https://simple.wikipedia.org/wiki/Python_(programming_language)>
2016-04-22 12:06:21 [scrapy] DEBUG: Filtered offsite request to 'sk.wikipedia.org': <GET https://sk.wikipedia.org/wiki/Python_(programovac%C3%AD_jazyk)>
2016-04-22 12:06:21 [scrapy] DEBUG: Filtered offsite request to 'sl.wikipedia.org': <GET https://sl.wikipedia.org/wiki/Python_(programski_jezik)>
2016-04-22 12:06:21 [scrapy] DEBUG: Filtered offsite request to 'ckb.wikipedia.org': <GET https://ckb.wikipedia.org/wiki/%D9%BE%D8%A7%DB%8C%D8%AA%D9%86_(%D8%B2%D9%85%D8%A7%D9%86%DB%8C_%D8%A8%DB%95%D8%B1%D9%86%D8%A7%D9%85%DB%95%D8%B3%D8%A7%D8%B2%DB%8C)>
2016-04-22 12:06:21 [scrapy] DEBUG: Filtered offsite request to 'sr.wikipedia.org': <GET https://sr.wikipedia.org/wiki/%D0%9F%D0%B0%D1%98%D1%82%D0%BE%D0%BD_(%D0%BF%D1%80%D0%BE%D0%B3%D1%80%D0%B0%D0%BC%D1%81%D0%BA%D0%B8_%D1%98%D0%B5%D0%B7%D0%B8%D0%BA)>
2016-04-22 12:06:21 [scrapy] DEBUG: Filtered offsite request to 'sh.wikipedia.org': <GET https://sh.wikipedia.org/wiki/Python_programski_jezik>
2016-04-22 12:06:21 [scrapy] DEBUG: Filtered offsite request to 'fi.wikipedia.org': <GET https://fi.wikipedia.org/wiki/Python_(ohjelmointikieli)>
2016-04-22 12:06:21 [scrapy] DEBUG: Filtered offsite request to 'sv.wikipedia.org': <GET https://sv.wikipedia.org/wiki/Python_(programspr%C3%A5k)>
2016-04-22 12:06:21 [scrapy] DEBUG: Filtered offsite request to 'tl.wikipedia.org': <GET https://tl.wikipedia.org/wiki/Python_(wikang_pamprograma)>
2016-04-22 12:06:21 [scrapy] DEBUG: Filtered offsite request to 'ta.wikipedia.org': <GET https://ta.wikipedia.org/wiki/%E0%AE%AA%E0%AF%88%E0%AE%A4%E0%AF%8D%E0%AE%A4%E0%AE%BE%E0%AE%A9%E0%AF%8D>
2016-04-22 12:06:21 [scrapy] DEBUG: Filtered offsite request to 'te.wikipedia.org': <GET https://te.wikipedia.org/wiki/%E0%B0%AA%E0%B1%88%E0%B0%A5%E0%B0%BE%E0%B0%A8%E0%B1%8D_(%E0%B0%95%E0%B0%82%E0%B0%AA%E0%B1%8D%E0%B0%AF%E0%B1%82%E0%B0%9F%E0%B0%B0%E0%B1%8D_%E0%B0%AD%E0%B0%BE%E0%B0%B7)>
2016-04-22 12:06:21 [scrapy] DEBUG: Filtered offsite request to 'th.wikipedia.org': <GET https://th.wikipedia.org/wiki/%E0%B8%A0%E0%B8%B2%E0%B8%A9%E0%B8%B2%E0%B9%84%E0%B8%9E%E0%B8%97%E0%B8%AD%E0%B8%99>
2016-04-22 12:06:21 [scrapy] DEBUG: Filtered offsite request to 'tg.wikipedia.org': <GET https://tg.wikipedia.org/wiki/Python>
2016-04-22 12:06:21 [scrapy] DEBUG: Filtered offsite request to 'tr.wikipedia.org': <GET https://tr.wikipedia.org/wiki/Python_(programlama_dili)>
2016-04-22 12:06:21 [scrapy] DEBUG: Filtered offsite request to 'bug.wikipedia.org': <GET https://bug.wikipedia.org/wiki/Python>
2016-04-22 12:06:21 [scrapy] DEBUG: Filtered offsite request to 'uk.wikipedia.org': <GET https://uk.wikipedia.org/wiki/Python>
2016-04-22 12:06:21 [scrapy] DEBUG: Filtered offsite request to 'vi.wikipedia.org': <GET https://vi.wikipedia.org/wiki/Python_(ng%C3%B4n_ng%E1%BB%AF_l%E1%BA%ADp_tr%C3%ACnh)>
2016-04-22 12:06:21 [scrapy] DEBUG: Filtered offsite request to 'wuu.wikipedia.org': <GET https://wuu.wikipedia.org/wiki/Python>
2016-04-22 12:06:21 [scrapy] DEBUG: Filtered offsite request to 'zh-yue.wikipedia.org': <GET https://zh-yue.wikipedia.org/wiki/Python>
2016-04-22 12:06:21 [scrapy] DEBUG: Filtered offsite request to 'zh.wikipedia.org': <GET https://zh.wikipedia.org/wiki/Python>
2016-04-22 12:06:21 [scrapy] DEBUG: Filtered offsite request to 'wikimediafoundation.org': <GET https://wikimediafoundation.org/wiki/Terms_of_Use>
2016-04-22 12:06:21 [scrapy] DEBUG: Crawled (200) <GET https://en.wikipedia.org/wiki/Python_(programming_language)> (referer: https://en.wikipedia.org/wiki/Python_%28programming_language%29)
2016-04-22 12:06:22 [scrapy] DEBUG: Scraped from <200 https://en.wikipedia.org/wiki/Python_(programming_language)>
{'title': u'Python (programming language)'}
2016-04-22 12:06:22 [scrapy] DEBUG: Filtered duplicate request: <GET https://en.wikipedia.org/wiki/Python_(programming_language)> - no more duplicates will be shown (see DUPEFILTER_DEBUG to show all duplicates)
2016-04-22 12:06:22 [scrapy] DEBUG: Crawled (200) <GET https://en.wikipedia.org/wiki/Source_lines_of_code> (referer: https://en.wikipedia.org/wiki/Python_%28programming_language%29)
2016-04-22 12:06:22 [scrapy] DEBUG: Scraped from <200 https://en.wikipedia.org/wiki/Source_lines_of_code>
{'title': u'Source lines of code'}
2016-04-22 12:06:22 [scrapy] DEBUG: Crawled (200) <GET https://en.wikipedia.org/wiki/Readability> (referer: https://en.wikipedia.org/wiki/Python_%28programming_language%29)
2016-04-22 12:06:22 [scrapy] DEBUG: Scraped from <200 https://en.wikipedia.org/wiki/Readability>
{'title': u'Readability'}
2016-04-22 12:06:22 [scrapy] DEBUG: Filtered offsite request to 'en.wiktionary.org': <GET https://en.wiktionary.org/wiki/readability>
2016-04-22 12:06:22 [scrapy] DEBUG: Filtered offsite request to 'ur.wikipedia.org': <GET https://ur.wikipedia.org/wiki/%D9%82%D8%A7%D8%A8%D9%84_%D9%85%D8%B7%D8%A7%D9%84%D8%B9%DB%81>
2016-04-22 12:06:22 [scrapy] DEBUG: Crawled (200) <GET https://en.wikipedia.org/wiki/Reference_implementation> (referer: https://en.wikipedia.org/wiki/Python_%28programming_language%29)
2016-04-22 12:06:22 [scrapy] DEBUG: Crawled (200) <GET https://en.wikipedia.org/wiki/Py2exe> (referer: https://en.wikipedia.org/wiki/Python_%28programming_language%29)
2016-04-22 12:06:22 [scrapy] DEBUG: Crawled (200) <GET https://en.wikipedia.org/wiki/Third-party_software_component> (referer: https://en.wikipedia.org/wiki/Python_%28programming_language%29)
2016-04-22 12:06:22 [scrapy] DEBUG: Crawled (200) <GET https://en.wikipedia.org/wiki/Dynamic_programming_language> (referer: https://en.wikipedia.org/wiki/Python_%28programming_language%29)
2016-04-22 12:06:22 [scrapy] DEBUG: Scraped from <200 https://en.wikipedia.org/wiki/Reference_implementation>
{'title': u'Reference implementation'}
2016-04-22 12:06:22 [scrapy] DEBUG: Filtered offsite request to 'openwall.info': <GET http://openwall.info/wiki/people/solar/software/public-domain-source-code>
2016-04-22 12:06:22 [scrapy] DEBUG: Scraped from <200 https://en.wikipedia.org/wiki/Py2exe>
{'title': u'py2exe'}
2016-04-22 12:06:22 [scrapy] DEBUG: Scraped from <200 https://en.wikipedia.org/wiki/Third-party_software_component>
{'title': u'Third-party software component'}
2016-04-22 12:06:22 [scrapy] DEBUG: Scraped from <200 https://en.wikipedia.org/wiki/Dynamic_programming_language>
{'title': u'Dynamic programming language'}
2016-04-22 12:06:23 [scrapy] DEBUG: Crawled (200) <GET https://en.wikipedia.org/wiki/Memory_management> (referer: https://en.wikipedia.org/wiki/Python_%28programming_language%29)
2016-04-22 12:06:23 [scrapy] DEBUG: Crawled (200) <GET https://en.wikipedia.org/wiki/Swift_(Apple_programming_language)> (referer: https://en.wikipedia.org/wiki/Python_%28programming_language%29)
2016-04-22 12:06:23 [scrapy] DEBUG: Crawled (200) <GET https://en.wikipedia.org/wiki/General-purpose_programming_language> (referer: https://en.wikipedia.org/wiki/Python_%28programming_language%29)
2016-04-22 12:06:23 [scrapy] DEBUG: Scraped from <200 https://en.wikipedia.org/wiki/Memory_management>
{'title': u'Memory management'}
2016-04-22 12:06:23 [scrapy] DEBUG: Scraped from <200 https://en.wikipedia.org/wiki/Swift_(Apple_programming_language)>
{'title': u'Swift (programming language)'}
2016-04-22 12:06:23 [scrapy] DEBUG: Scraped from <200 https://en.wikipedia.org/wiki/General-purpose_programming_language>
{'title': u'General-purpose programming language'}
2016-04-22 12:06:23 [scrapy] DEBUG: Crawled (200) <GET https://en.wikipedia.org/wiki/Free_and_open-source_software> (referer: https://en.wikipedia.org/wiki/Python_%28programming_language%29)
2016-04-22 12:06:23 [scrapy] DEBUG: Crawled (200) <GET https://en.wikipedia.org/wiki/Dynamic_type> (referer: https://en.wikipedia.org/wiki/Python_%28programming_language%29)
2016-04-22 12:06:23 [scrapy] DEBUG: Crawled (200) <GET https://en.wikipedia.org/wiki/Interpreter_(computing)> (referer: https://en.wikipedia.org/wiki/Python_%28programming_language%29)
2016-04-22 12:06:23 [scrapy] DEBUG: Crawled (200) <GET https://en.wikipedia.org/wiki/High-level_programming_language> (referer: https://en.wikipedia.org/wiki/Python_%28programming_language%29)
2016-04-22 12:06:23 [scrapy] DEBUG: Crawled (200) <GET https://en.wikipedia.org/wiki/Main_Page> (referer: https://en.wikipedia.org/wiki/Python_%28programming_language%29)
2016-04-22 12:06:23 [scrapy] DEBUG: Crawled (200) <GET https://en.wikipedia.org/wiki/Integrated_Authority_File> (referer: https://en.wikipedia.org/wiki/Python_%28programming_language%29)
2016-04-22 12:06:23 [scrapy] DEBUG: Scraped from <200 https://en.wikipedia.org/wiki/Free_and_open-source_software>
{'title': u'Free and open-source software'}
2016-04-22 12:06:23 [scrapy] DEBUG: Crawled (200) <GET https://en.wikipedia.org/wiki/Ruby_(programming_language)> (referer: https://en.wikipedia.org/wiki/Python_%28programming_language%29)
2016-04-22 12:06:23 [scrapy] DEBUG: Scraped from <200 https://en.wikipedia.org/wiki/Dynamic_type>
{'title': u'Type system'}
2016-04-22 12:06:23 [scrapy] DEBUG: Scraped from <200 https://en.wikipedia.org/wiki/Interpreter_(computing)>
{'title': u'Interpreter (computing)'}
2016-04-22 12:06:23 [scrapy] DEBUG: Scraped from <200 https://en.wikipedia.org/wiki/High-level_programming_language>
{'title': u'High-level programming language'}
2016-04-22 12:06:23 [scrapy] DEBUG: Scraped from <200 https://en.wikipedia.org/wiki/Main_Page>
{'title': u'Main Page'}
2016-04-22 12:06:23 [scrapy] DEBUG: Scraped from <200 https://en.wikipedia.org/wiki/Integrated_Authority_File>
{'title': u'Integrated Authority File'}
2016-04-22 12:06:23 [scrapy] DEBUG: Crawled (200) <GET https://en.wikipedia.org/wiki/Digital_object_identifier> (referer: https://en.wikipedia.org/wiki/Source_lines_of_code)
2016-04-22 12:06:23 [scrapy] DEBUG: Crawled (200) <GET https://en.wikipedia.org/wiki/SourceForge> (referer: https://en.wikipedia.org/wiki/Py2exe)
2016-04-22 12:06:23 [scrapy] DEBUG: Crawled (200) <GET https://en.wikipedia.org/wiki/Bourbaki_dangerous_bend_symbol> (referer: https://en.wikipedia.org/wiki/Readability)
2016-04-22 12:06:23 [scrapy] DEBUG: Crawled (200) <GET https://en.wikipedia.org/wiki/George_R._Klare> (referer: https://en.wikipedia.org/wiki/Readability)
2016-04-22 12:06:23 [scrapy] DEBUG: Crawled (200) <GET https://en.wikipedia.org/wiki/Human_Resources_Research_Organization> (referer: https://en.wikipedia.org/wiki/Readability)
2016-04-22 12:06:23 [scrapy] DEBUG: Crawled (200) <GET https://en.wikipedia.org/wiki/Miles_Tinker> (referer: https://en.wikipedia.org/wiki/Readability)
2016-04-22 12:06:23 [scrapy] DEBUG: Filtered offsite request to 'be-x-old.wikipedia.org': <GET https://be-x-old.wikipedia.org/wiki/Gemeinsame_Normdatei>
2016-04-22 12:06:23 [scrapy] DEBUG: Filtered offsite request to 'bh.wikipedia.org': <GET https://bh.wikipedia.org/wiki/%E0%A4%87%E0%A4%82%E0%A4%9F%E0%A5%80%E0%A4%97%E0%A5%8D%E0%A4%B0%E0%A5%87%E0%A4%9F%E0%A5%87%E0%A4%A1_%E0%A4%91%E0%A4%A5%E0%A4%BE%E0%A4%B0%E0%A4%BF%E0%A4%9F%E0%A5%80_%E0%A4%AB%E0%A4%BE%E0%A4%87%E0%A4%B2>
2016-04-22 12:06:23 [scrapy] DEBUG: Filtered offsite request to 'bar.wikipedia.org': <GET https://bar.wikipedia.org/wiki/Gemeinsame_Normdatei>
2016-04-22 12:06:23 [scrapy] DEBUG: Filtered offsite request to 'cy.wikipedia.org': <GET https://cy.wikipedia.org/wiki/Gemeinsame_Normdatei>
2016-04-22 12:06:23 [scrapy] DEBUG: Filtered offsite request to 'ilo.wikipedia.org': <GET https://ilo.wikipedia.org/wiki/Integrated_Authority_File>
2016-04-22 12:06:23 [scrapy] DEBUG: Filtered offsite request to 'nn.wikipedia.org': <GET https://nn.wikipedia.org/wiki/Gemeinsame_Normdatei>
2016-04-22 12:06:23 [scrapy] DEBUG: Filtered offsite request to 'oc.wikipedia.org': <GET https://oc.wikipedia.org/wiki/Gemeinsame_Normdatei>
2016-04-22 12:06:23 [scrapy] DEBUG: Scraped from <200 https://en.wikipedia.org/wiki/Ruby_(programming_language)>
{'title': u'Ruby (programming language)'}
2016-04-22 12:06:24 [scrapy] DEBUG: Filtered offsite request to 'www.antlr.org': <GET http://www.antlr.org/wiki/display/ANTLR3/The+difference+between+compilers+and+interpreters>
2016-04-22 12:06:24 [scrapy] DEBUG: Filtered offsite request to 'ga.wikipedia.org': <GET https://ga.wikipedia.org/wiki/Teanga_ardleibh%C3%A9il>
2016-04-22 12:06:24 [scrapy] DEBUG: Filtered offsite request to 'mhr.wikipedia.org': <GET https://mhr.wikipedia.org/wiki/%D0%9A%D1%83%D0%B3%D1%83_%D0%BA%D3%B1%D0%BA%D1%88%D1%8B%D1%82%D0%B0%D0%BD_%D0%BF%D1%80%D0%BE%D0%B3%D1%80%D0%B0%D0%BC%D0%BC%D0%BB%D1%8B%D0%BC%D0%B0%D1%88_%D0%B9%D1%8B%D0%BB%D0%BC%D0%B5>
2016-04-22 12:06:24 [scrapy] DEBUG: Filtered offsite request to 'pa.wikipedia.org': <GET https://pa.wikipedia.org/wiki/%E0%A8%89%E0%A9%B1%E0%A8%9A-%E0%A8%AA%E0%A9%B1%E0%A8%A7%E0%A8%B0%E0%A9%80_%E0%A8%AA%E0%A9%8D%E0%A8%B0%E0%A9%8B%E0%A8%97%E0%A8%B0%E0%A8%BE%E0%A8%AE%E0%A8%BF%E0%A9%B0%E0%A8%97_%E0%A8%AD%E0%A8%BE%E0%A8%B8%E0%A8%BC%E0%A8%BE>
2016-04-22 12:06:24 [scrapy] DEBUG: Filtered offsite request to 'commons.wikimedia.org': <GET https://commons.wikimedia.org/wiki/>
2016-04-22 12:06:24 [scrapy] DEBUG: Filtered offsite request to 'www.mediawiki.org': <GET https://www.mediawiki.org/wiki/>
2016-04-22 12:06:24 [scrapy] DEBUG: Filtered offsite request to 'meta.wikimedia.org': <GET https://meta.wikimedia.org/wiki/>
2016-04-22 12:06:24 [scrapy] DEBUG: Filtered offsite request to 'en.wikinews.org': <GET https://en.wikinews.org/wiki/>
2016-04-22 12:06:24 [scrapy] DEBUG: Filtered offsite request to 'en.wikisource.org': <GET https://en.wikisource.org/wiki/>
2016-04-22 12:06:24 [scrapy] DEBUG: Filtered offsite request to 'species.wikimedia.org': <GET https://species.wikimedia.org/wiki/>
2016-04-22 12:06:24 [scrapy] DEBUG: Filtered offsite request to 'en.wikiversity.org': <GET https://en.wikiversity.org/wiki/>
2016-04-22 12:06:24 [scrapy] DEBUG: Filtered offsite request to 'en.wikivoyage.org': <GET https://en.wikivoyage.org/wiki/>
2016-04-22 12:06:24 [scrapy] DEBUG: Filtered offsite request to 'ky.wikipedia.org': <GET https://ky.wikipedia.org/wiki/%D0%98%D0%BD%D1%82%D0%B5%D1%80%D0%BF%D1%80%D0%B5%D1%82%D0%B0%D1%82%D0%BE%D1%80>
2016-04-22 12:06:24 [scrapy] DEBUG: Filtered offsite request to 'mwl.wikipedia.org': <GET https://mwl.wikipedia.org/wiki/Anterpretador>
2016-04-22 12:06:24 [scrapy] DEBUG: Crawled (200) <GET https://en.wikipedia.org/wiki/Array_programming> (referer: https://en.wikipedia.org/wiki/Dynamic_programming_language)
2016-04-22 12:06:24 [scrapy] DEBUG: Crawled (200) <GET https://en.wikipedia.org/wiki/Actor_model> (referer: https://en.wikipedia.org/wiki/Dynamic_programming_language)
2016-04-22 12:06:24 [scrapy] DEBUG: Crawled (200) <GET https://en.wikipedia.org/wiki/Automatic_variable> (referer: https://en.wikipedia.org/wiki/Memory_management)
2016-04-22 12:06:24 [scrapy] DEBUG: Crawled (200) <GET https://en.wikipedia.org/wiki/Region-based_memory_management> (referer: https://en.wikipedia.org/wiki/Memory_management)
2016-04-22 12:06:24 [scrapy] DEBUG: Crawled (200) <GET https://en.wikipedia.org/wiki/Unreachable_memory> (referer: https://en.wikipedia.org/wiki/Memory_management)
2016-04-22 12:06:24 [scrapy] DEBUG: Crawled (200) <GET https://en.wikipedia.org/wiki/Stack_overflow> (referer: https://en.wikipedia.org/wiki/Memory_management)
2016-04-22 12:06:24 [scrapy] DEBUG: Crawled (200) <GET https://en.wikipedia.org/wiki/International_Symposium_on_Memory_Management> (referer: https://en.wikipedia.org/wiki/Memory_management)
2016-04-22 12:06:24 [scrapy] DEBUG: Scraped from <200 https://en.wikipedia.org/wiki/Digital_object_identifier>
{'title': u'Digital object identifier'}
2016-04-22 12:06:24 [scrapy] DEBUG: Scraped from <200 https://en.wikipedia.org/wiki/SourceForge>
{'title': u'SourceForge'}
2016-04-22 12:06:24 [scrapy] DEBUG: Scraped from <200 https://en.wikipedia.org/wiki/Bourbaki_dangerous_bend_symbol>
{'title': u'Bourbaki dangerous bend symbol'}
2016-04-22 12:06:24 [scrapy] DEBUG: Scraped from <200 https://en.wikipedia.org/wiki/George_R._Klare>
{'title': u'George R. Klare'}
2016-04-22 12:06:24 [scrapy] DEBUG: Scraped from <200 https://en.wikipedia.org/wiki/Human_Resources_Research_Organization>
{'title': u'Human Resources Research Organization'}
2016-04-22 12:06:24 [scrapy] DEBUG: Scraped from <200 https://en.wikipedia.org/wiki/Miles_Tinker>
{'title': u'Miles Tinker'}
2016-04-22 12:06:24 [scrapy] DEBUG: Scraped from <200 https://en.wikipedia.org/wiki/Array_programming>
{'title': u'Array programming'}
2016-04-22 12:06:24 [scrapy] DEBUG: Scraped from <200 https://en.wikipedia.org/wiki/Actor_model>
{'title': u'Actor model'}
2016-04-22 12:06:24 [scrapy] DEBUG: Scraped from <200 https://en.wikipedia.org/wiki/Automatic_variable>
{'title': u'Automatic variable'}
2016-04-22 12:06:24 [scrapy] DEBUG: Scraped from <200 https://en.wikipedia.org/wiki/Region-based_memory_management>
{'title': u'Region-based memory management'}
2016-04-22 12:06:25 [scrapy] DEBUG: Scraped from <200 https://en.wikipedia.org/wiki/Unreachable_memory>
{'title': u'Unreachable memory'}
2016-04-22 12:06:25 [scrapy] DEBUG: Scraped from <200 https://en.wikipedia.org/wiki/Stack_overflow>
{'title': u'Stack overflow'}
2016-04-22 12:06:25 [scrapy] DEBUG: Scraped from <200 https://en.wikipedia.org/wiki/International_Symposium_on_Memory_Management>
{'title': u'International Symposium on Memory Management'}
2016-04-22 12:06:25 [scrapy] DEBUG: Crawled (200) <GET https://en.wikipedia.org/wiki/Dangling_pointer> (referer: https://en.wikipedia.org/wiki/Memory_management)
2016-04-22 12:06:25 [scrapy] DEBUG: Crawled (200) <GET https://en.wikipedia.org/wiki/Virtual_International_Authority_File> (referer: https://en.wikipedia.org/wiki/Integrated_Authority_File)
2016-04-22 12:06:25 [scrapy] DEBUG: Crawled (200) <GET https://en.wikipedia.org/wiki/LIBRIS> (referer: https://en.wikipedia.org/wiki/Integrated_Authority_File)
2016-04-22 12:06:25 [scrapy] DEBUG: Crawled (200) <GET https://en.wikipedia.org/wiki/Soundtrack_Pro> (referer: https://en.wikipedia.org/wiki/Swift_(Apple_programming_language))
2016-04-22 12:06:25 [scrapy] DEBUG: Crawled (200) <GET https://en.wikipedia.org/wiki/Corporate_Bodies_Authority_File> (referer: https://en.wikipedia.org/wiki/Integrated_Authority_File)
2016-04-22 12:06:25 [scrapy] DEBUG: Crawled (200) <GET https://en.wikipedia.org/wiki/Subject_Headings_Authority_File> (referer: https://en.wikipedia.org/wiki/Integrated_Authority_File)
2016-04-22 12:06:25 [scrapy] DEBUG: Crawled (200) <GET https://en.wikipedia.org/wiki/Wikidata> (referer: https://en.wikipedia.org/wiki/Integrated_Authority_File)
2016-04-22 12:06:25 [scrapy] DEBUG: Filtered offsite request to 'cyclone.thelanguage.org': <GET http://cyclone.thelanguage.org/wiki/Introduction%20to%20Regions>
2016-04-22 12:06:25 [scrapy] DEBUG: Filtered offsite request to 'apps.sourceforge.net': <GET http://apps.sourceforge.net/trac/sourceforge/wiki/Comprehensive%20service%20directory>
2016-04-22 12:06:25 [scrapy] DEBUG: Filtered offsite request to 'sourceforge.net': <GET http://sourceforge.net/apps/trac/sourceforge/wiki/What%20is%20SourceForge.net>
2016-04-22 12:06:25 [scrapy] DEBUG: Scraped from <200 https://en.wikipedia.org/wiki/Dangling_pointer>
{'title': u'Dangling pointer'}
2016-04-22 12:06:25 [scrapy] DEBUG: Scraped from <200 https://en.wikipedia.org/wiki/Virtual_International_Authority_File>
{'title': u'Virtual International Authority File'}
2016-04-22 12:06:25 [scrapy] DEBUG: Filtered offsite request to 'ku.wikipedia.org': <GET https://ku.wikipedia.org/wiki/SourceForge>
2016-04-22 12:06:25 [scrapy] DEBUG: Scraped from <200 https://en.wikipedia.org/wiki/LIBRIS>
{'title': u'LIBRIS'}
2016-04-22 12:06:25 [scrapy] DEBUG: Scraped from <200 https://en.wikipedia.org/wiki/Soundtrack_Pro>
{'title': u'Soundtrack Pro'}
2016-04-22 12:06:25 [scrapy] DEBUG: Scraped from <200 https://en.wikipedia.org/wiki/Corporate_Bodies_Authority_File>
{'title': u'Corporate Bodies Authority File'}
2016-04-22 12:06:25 [scrapy] DEBUG: Scraped from <200 https://en.wikipedia.org/wiki/Subject_Headings_Authority_File>
{'title': u'Subject Headings Authority File'}
2016-04-22 12:06:25 [scrapy] DEBUG: Crawled (200) <GET https://en.wikipedia.org/wiki/Coral> (referer: https://en.wikipedia.org/wiki/Ruby_(programming_language))
2016-04-22 12:06:25 [scrapy] DEBUG: Crawled (200) <GET https://en.wikipedia.org/wiki/Birthstone> (referer: https://en.wikipedia.org/wiki/Ruby_(programming_language))
2016-04-22 12:06:25 [scrapy] DEBUG: Crawled (200) <GET https://en.wikipedia.org/wiki/Ruby> (referer: https://en.wikipedia.org/wiki/Ruby_(programming_language))
2016-04-22 12:06:25 [scrapy] DEBUG: Crawled (200) <GET https://en.wikipedia.org/wiki/Toy_language> (referer: https://en.wikipedia.org/wiki/Ruby_(programming_language))
2016-04-22 12:06:25 [scrapy] DEBUG: Crawled (200) <GET https://en.wikipedia.org/wiki/Object-oriented_programming_language> (referer: https://en.wikipedia.org/wiki/Ruby_(programming_language))
2016-04-22 12:06:25 [scrapy] DEBUG: Crawled (200) <GET https://en.wikipedia.org/wiki/Name_Authority_File> (referer: https://en.wikipedia.org/wiki/Integrated_Authority_File)
2016-04-22 12:06:25 [scrapy] DEBUG: Scraped from <200 https://en.wikipedia.org/wiki/Wikidata>
{'title': u'Wikidata'}
2016-04-22 12:06:25 [scrapy] DEBUG: Filtered offsite request to 'gcc.gnu.org': <GET http://gcc.gnu.org/wiki/Mudflap_Pointer_Debugging>
2016-04-22 12:06:25 [scrapy] DEBUG: Filtered offsite request to 'www.wikimedia.de': <GET http://www.wikimedia.de/wiki/Pressemitteilungen/PM_3_12_Wikidata_EN>
2016-04-22 12:06:25 [scrapy] DEBUG: Filtered offsite request to 'ast.wikipedia.org': <GET https://ast.wikipedia.org/wiki/Wikidata>
2016-04-22 12:06:25 [scrapy] DEBUG: Filtered offsite request to 'fy.wikipedia.org': <GET https://fy.wikipedia.org/wiki/Wikidata>
2016-04-22 12:06:25 [scrapy] DEBUG: Filtered offsite request to 'hak.wikipedia.org': <GET https://hak.wikipedia.org/wiki/Wikidata>
2016-04-22 12:06:25 [scrapy] DEBUG: Filtered offsite request to 'pam.wikipedia.org': <GET https://pam.wikipedia.org/wiki/Wikidata>
2016-04-22 12:06:25 [scrapy] DEBUG: Filtered offsite request to 'arz.wikipedia.org': <GET https://arz.wikipedia.org/wiki/%D9%88%D9%8A%D9%83%D9%89_%D8%AF%D8%A7%D8%AA%D8%A7>
2016-04-22 12:06:25 [scrapy] DEBUG: Filtered offsite request to 'cdo.wikipedia.org': <GET https://cdo.wikipedia.org/wiki/Wikidata>
2016-04-22 12:06:25 [scrapy] DEBUG: Filtered offsite request to 'ce.wikipedia.org': <GET https://ce.wikipedia.org/wiki/%D0%92%D0%B8%D0%BA%D0%B8%D1%85%D0%B0%D0%B0%D0%BC%D0%B0%D1%88>
2016-04-22 12:06:25 [scrapy] DEBUG: Filtered offsite request to 'ps.wikipedia.org': <GET https://ps.wikipedia.org/wiki/%D9%88%D9%8A%DA%A9%D9%8A%DA%89%DB%90%D9%BC%D8%A7>
2016-04-22 12:06:25 [scrapy] DEBUG: Filtered offsite request to 'tt.wikipedia.org': <GET https://tt.wikipedia.org/wiki/Wikidata>
2016-04-22 12:06:25 [scrapy] DEBUG: Filtered offsite request to 'vec.wikipedia.org': <GET https://vec.wikipedia.org/wiki/Wikidata>
2016-04-22 12:06:25 [scrapy] DEBUG: Filtered offsite request to 'war.wikipedia.org': <GET https://war.wikipedia.org/wiki/Wikidata>
2016-04-22 12:06:25 [scrapy] DEBUG: Filtered offsite request to 'jv.wikipedia.org': <GET https://jv.wikipedia.org/wiki/Pangidh%C3%A8ntifikasi_Oby%C3%A8k_Digital>
2016-04-22 12:06:25 [scrapy] DEBUG: Filtered offsite request to 'frr.wikipedia.org': <GET https://frr.wikipedia.org/wiki/Digital_Object_Identifier>
2016-04-22 12:06:25 [scrapy] DEBUG: Crawled (200) <GET https://en.wikipedia.org/wiki/Japan> (referer: https://en.wikipedia.org/wiki/Ruby_(programming_language))
2016-04-22 12:06:25 [scrapy] DEBUG: Scraped from <200 https://en.wikipedia.org/wiki/Coral>
{'title': u'Coral'}
2016-04-22 12:06:25 [scrapy] DEBUG: Scraped from <200 https://en.wikipedia.org/wiki/Birthstone>
{'title': u'Birthstone'}
2016-04-22 12:06:25 [scrapy] DEBUG: Scraped from <200 https://en.wikipedia.org/wiki/Ruby>
{'title': u'Ruby'}
2016-04-22 12:06:25 [scrapy] DEBUG: Scraped from <200 https://en.wikipedia.org/wiki/Toy_language>
{'title': u'Toy programming language'}
2016-04-22 12:06:26 [scrapy] DEBUG: Scraped from <200 https://en.wikipedia.org/wiki/Object-oriented_programming_language>
{'title': u'Object-oriented programming'}
2016-04-22 12:06:26 [scrapy] DEBUG: Scraped from <200 https://en.wikipedia.org/wiki/Name_Authority_File>
{'title': u'Name Authority File'}
2016-04-22 12:06:26 [scrapy] DEBUG: Crawled (200) <GET https://en.wikipedia.org/wiki/Windows_CE> (referer: https://en.wikipedia.org/wiki/Ruby_(programming_language))
2016-04-22 12:06:26 [scrapy] DEBUG: Crawled (200) <GET https://en.wikipedia.org/wiki/Metasploit_Project> (referer: https://en.wikipedia.org/wiki/Ruby_(programming_language))
2016-04-22 12:06:26 [scrapy] DEBUG: Crawled (200) <GET https://en.wikipedia.org/wiki/IBM_i> (referer: https://en.wikipedia.org/wiki/Ruby_(programming_language))
2016-04-22 12:06:26 [scrapy] DEBUG: Crawled (200) <GET https://en.wikipedia.org/wiki/Symbian_OS> (referer: https://en.wikipedia.org/wiki/Ruby_(programming_language))
2016-04-22 12:06:26 [scrapy] DEBUG: Crawled (200) <GET https://en.wikipedia.org/wiki/Windows_Phone> (referer: https://en.wikipedia.org/wiki/Ruby_(programming_language))
2016-04-22 12:06:26 [scrapy] DEBUG: Redirecting (301) to <GET https://en.wikipedia.org/wiki/Why%27s_(poignant)_Guide_to_Ruby> from <GET https://en.wikipedia.org/wiki/Why's_(poignant)_Guide_to_Ruby>
2016-04-22 12:06:26 [scrapy] DEBUG: Crawled (200) <GET https://en.wikipedia.org/wiki/Reia_(programming_language)> (referer: https://en.wikipedia.org/wiki/Ruby_(programming_language))
2016-04-22 12:06:26 [scrapy] DEBUG: Scraped from <200 https://en.wikipedia.org/wiki/Japan>
{'title': u'Japan'}
2016-04-22 12:06:26 [scrapy] DEBUG: Filtered offsite request to 'bat-smg.wikipedia.org': <GET https://bat-smg.wikipedia.org/wiki/Ruby>
2016-04-22 12:06:26 [scrapy] DEBUG: Scraped from <200 https://en.wikipedia.org/wiki/Windows_CE>
{'title': u'Windows CE'}
2016-04-22 12:06:26 [scrapy] DEBUG: Scraped from <200 https://en.wikipedia.org/wiki/Metasploit_Project>
{'title': u'Metasploit Project'}
2016-04-22 12:06:26 [scrapy] DEBUG: Scraped from <200 https://en.wikipedia.org/wiki/IBM_i>
{'title': u'IBM i'}
2016-04-22 12:06:26 [scrapy] DEBUG: Scraped from <200 https://en.wikipedia.org/wiki/Symbian_OS>
{'title': u'Symbian'}
2016-04-22 12:06:27 [scrapy] INFO: Received SIGINT, shutting down gracefully. Send again to force 
2016-04-22 12:06:27 [scrapy] DEBUG: Crawled (200) <GET https://en.wikipedia.org/wiki/IEEE_Micro> (referer: https://en.wikipedia.org/wiki/Actor_model)
2016-04-22 12:06:27 [scrapy] DEBUG: Crawled (200) <GET https://en.wikipedia.org/wiki/Janus_computer_programming_language> (referer: https://en.wikipedia.org/wiki/Actor_model)
2016-04-22 12:06:27 [scrapy] DEBUG: Crawled (200) <GET https://en.wikipedia.org/wiki/Lecture_Notes_in_Computer_Science> (referer: https://en.wikipedia.org/wiki/Actor_model)
2016-04-22 12:06:27 [scrapy] DEBUG: Crawled (200) <GET https://en.wikipedia.org/wiki/BeOS> (referer: https://en.wikipedia.org/wiki/Ruby_(programming_language))
2016-04-22 12:06:27 [scrapy] DEBUG: Crawled (200) <GET https://en.wikipedia.org/wiki/W3C> (referer: https://en.wikipedia.org/wiki/Actor_model)
2016-04-22 12:06:27 [scrapy] DEBUG: Crawled (200) <GET https://en.wikipedia.org/wiki/Typesafe_Inc.> (referer: https://en.wikipedia.org/wiki/Actor_model)
2016-04-22 12:06:27 [scrapy] DEBUG: Crawled (200) <GET https://en.wikipedia.org/wiki/Journal_of_Circuits,_Systems,_and_Computers> (referer: https://en.wikipedia.org/wiki/Actor_model)
2016-04-22 12:06:27 [scrapy] INFO: Closing spider (shutdown)
2016-04-22 12:06:27 [scrapy] DEBUG: Filtered offsite request to 'github.com': <GET https://github.com/rapid7/metasploit-framework/wiki/Contributing-to-Metasploit>
2016-04-22 12:06:27 [scrapy] DEBUG: Filtered offsite request to 'www.ibm.com': <GET https://www.ibm.com/developerworks/community/wikis/home?lang=en>
2016-04-22 12:06:27 [scrapy] DEBUG: Filtered offsite request to 'bjn.wikipedia.org': <GET https://bjn.wikipedia.org/wiki/Mirah_delima>
2016-04-22 12:06:27 [scrapy] DEBUG: Filtered offsite request to 'io.wikipedia.org': <GET https://io.wikipedia.org/wiki/Rubino>
2016-04-22 12:06:27 [scrapy] DEBUG: Filtered offsite request to 'kn.wikipedia.org': <GET https://kn.wikipedia.org/wiki/%E0%B2%AE%E0%B2%BE%E0%B2%A3%E0%B2%BF%E0%B2%95%E0%B3%8D%E0%B2%AF_(%E0%B2%B0%E0%B3%82%E0%B2%AC%E0%B2%BF)>
2016-04-22 12:06:27 [scrapy] DEBUG: Filtered offsite request to 'lb.wikipedia.org': <GET https://lb.wikipedia.org/wiki/Rubin>
2016-04-22 12:06:27 [scrapy] DEBUG: Filtered offsite request to 'new.wikipedia.org': <GET https://new.wikipedia.org/wiki/%E0%A4%AE%E0%A4%BE%E0%A4%A3%E0%A4%BF%E0%A4%95%E0%A5%8D%E0%A4%95%E0%A4%AE%E0%A5%8D_(%E0%A4%B8%E0%A4%A8%E0%A5%8D_%E0%A5%A7%E0%A5%AF%E0%A5%AF%E0%A5%AC%E0%A4%AF%E0%A4%BE_%E0%A4%B8%E0%A4%82%E0%A4%95%E0%A4%BF%E0%A4%AA%E0%A4%BE)>
2016-04-22 12:06:27 [scrapy] DEBUG: Filtered offsite request to 'pnb.wikipedia.org': <GET https://pnb.wikipedia.org/wiki/%DB%8C%D8%A7%D9%82%D9%88%D8%AA>
2016-04-22 12:06:27 [scrapy] DEBUG: Filtered offsite request to 'qu.wikipedia.org': <GET https://qu.wikipedia.org/wiki/Puka_umi%C3%B1a>
2016-04-22 12:06:27 [scrapy] DEBUG: Filtered offsite request to 'sa.wikipedia.org': <GET https://sa.wikipedia.org/wiki/%E0%A4%AE%E0%A4%BE%E0%A4%A3%E0%A4%BF%E0%A4%95%E0%A5%8D%E0%A4%AF%E0%A4%AE%E0%A5%8D>
2016-04-22 12:06:27 [scrapy] DEBUG: Filtered offsite request to 'ug.wikipedia.org': <GET https://ug.wikipedia.org/wiki/%D9%82%D9%89%D8%B2%D9%89%D9%84_%D9%8A%D8%A7%D9%82%DB%87%D8%AA>
2016-04-22 12:06:27 [scrapy] DEBUG: Scraped from <200 https://en.wikipedia.org/wiki/Windows_Phone>
{'title': u'Windows Phone'}
2016-04-22 12:06:27 [scrapy] DEBUG: Scraped from <200 https://en.wikipedia.org/wiki/Reia_(programming_language)>
{'title': u'Reia (programming language)'}
2016-04-22 12:06:27 [scrapy] INFO: Received SIGINT twice, forcing unclean shutdown
2016-04-22 12:06:27 [scrapy] ERROR: Spider error processing <GET https://en.wikipedia.org/wiki/IEEE_Micro> (referer: https://en.wikipedia.org/wiki/Actor_model)
Traceback (most recent call last):
  File "/usr/local/lib/python2.7/dist-packages/scrapy/utils/defer.py", line 102, in iter_errback
    yield next(it)
  File "/usr/local/lib/python2.7/dist-packages/scrapy/spidermiddlewares/offsite.py", line 28, in process_spider_output
    for x in result:
  File "/usr/local/lib/python2.7/dist-packages/scrapy/spidermiddlewares/referer.py", line 22, in <genexpr>
    return (_set_referer(r) for r in result or ())
  File "/usr/local/lib/python2.7/dist-packages/scrapy/spidermiddlewares/urllength.py", line 37, in <genexpr>
    return (r for r in result or () if _filter(r))
  File "/usr/local/lib/python2.7/dist-packages/scrapy/spidermiddlewares/depth.py", line 54, in <genexpr>
    return (r for r in result or () if _filter(r))
  File "/usr/local/lib/python2.7/dist-packages/scrapy/spiders/crawl.py", line 67, in _parse_response
    cb_res = callback(response, **cb_kwargs) or ()
  File "/home/sennhvi/python/python-scraping/chapter3/scrapy/wikiSpider/wikiSpider/spiders/articleSpider.py", line 17, in parse_item
    title = response.xpath('//h1/text()')[0].extract()
IndexError: list index out of range
2016-04-22 12:06:27 [scrapy] DEBUG: Scraped from <200 https://en.wikipedia.org/wiki/Janus_computer_programming_language>
{'title': u'Janus (programming language)'}
2016-04-22 12:06:27 [scrapy] ERROR: Spider error processing <GET https://en.wikipedia.org/wiki/Lecture_Notes_in_Computer_Science> (referer: https://en.wikipedia.org/wiki/Actor_model)
Traceback (most recent call last):
  File "/usr/local/lib/python2.7/dist-packages/scrapy/utils/defer.py", line 102, in iter_errback
    yield next(it)
  File "/usr/local/lib/python2.7/dist-packages/scrapy/spidermiddlewares/offsite.py", line 28, in process_spider_output
    for x in result:
  File "/usr/local/lib/python2.7/dist-packages/scrapy/spidermiddlewares/referer.py", line 22, in <genexpr>
    return (_set_referer(r) for r in result or ())
  File "/usr/local/lib/python2.7/dist-packages/scrapy/spidermiddlewares/urllength.py", line 37, in <genexpr>
    return (r for r in result or () if _filter(r))
  File "/usr/local/lib/python2.7/dist-packages/scrapy/spidermiddlewares/depth.py", line 54, in <genexpr>
    return (r for r in result or () if _filter(r))
  File "/usr/local/lib/python2.7/dist-packages/scrapy/spiders/crawl.py", line 67, in _parse_response
    cb_res = callback(response, **cb_kwargs) or ()
  File "/home/sennhvi/python/python-scraping/chapter3/scrapy/wikiSpider/wikiSpider/spiders/articleSpider.py", line 17, in parse_item
    title = response.xpath('//h1/text()')[0].extract()
IndexError: list index out of range
2016-04-22 12:06:27 [scrapy] DEBUG: Scraped from <200 https://en.wikipedia.org/wiki/BeOS>
{'title': u'BeOS'}
2016-04-22 12:06:27 [scrapy] DEBUG: Scraped from <200 https://en.wikipedia.org/wiki/W3C>
{'title': u'World Wide Web Consortium'}
2016-04-22 12:06:27 [scrapy] DEBUG: Scraped from <200 https://en.wikipedia.org/wiki/Typesafe_Inc.>
{'title': u'Lightbend Inc.'}
2016-04-22 12:06:27 [scrapy] ERROR: Spider error processing <GET https://en.wikipedia.org/wiki/Journal_of_Circuits,_Systems,_and_Computers> (referer: https://en.wikipedia.org/wiki/Actor_model)
Traceback (most recent call last):
  File "/usr/local/lib/python2.7/dist-packages/scrapy/utils/defer.py", line 102, in iter_errback
    yield next(it)
  File "/usr/local/lib/python2.7/dist-packages/scrapy/spidermiddlewares/offsite.py", line 28, in process_spider_output
    for x in result:
  File "/usr/local/lib/python2.7/dist-packages/scrapy/spidermiddlewares/referer.py", line 22, in <genexpr>
    return (_set_referer(r) for r in result or ())
  File "/usr/local/lib/python2.7/dist-packages/scrapy/spidermiddlewares/urllength.py", line 37, in <genexpr>
    return (r for r in result or () if _filter(r))
  File "/usr/local/lib/python2.7/dist-packages/scrapy/spidermiddlewares/depth.py", line 54, in <genexpr>
    return (r for r in result or () if _filter(r))
  File "/usr/local/lib/python2.7/dist-packages/scrapy/spiders/crawl.py", line 67, in _parse_response
    cb_res = callback(response, **cb_kwargs) or ()
  File "/home/sennhvi/python/python-scraping/chapter3/scrapy/wikiSpider/wikiSpider/spiders/articleSpider.py", line 17, in parse_item
    title = response.xpath('//h1/text()')[0].extract()
IndexError: list index out of range
2016-04-22 12:06:28 [scrapy] DEBUG: Filtered offsite request to 'ba.wikipedia.org': <GET https://ba.wikipedia.org/wiki/%D0%9C%D3%99%D1%80%D0%B9%D0%B5%D0%BD>
2016-04-22 12:06:28 [scrapy] DEBUG: Filtered offsite request to 'br.wikipedia.org': <GET https://br.wikipedia.org/wiki/Koural>
2016-04-22 12:06:28 [scrapy] DEBUG: Filtered offsite request to 'cv.wikipedia.org': <GET https://cv.wikipedia.org/wiki/%D0%9C%D0%B5%D1%80%D1%87%D0%B5%D0%BD>
2016-04-22 12:06:28 [scrapy] DEBUG: Filtered offsite request to 'li.wikipedia.org': <GET https://li.wikipedia.org/wiki/Koraol_(zo%C3%B6logie)>
2016-04-22 12:06:28 [scrapy] DEBUG: Filtered offsite request to 'nov.wikipedia.org': <GET https://nov.wikipedia.org/wiki/Koralie>
2016-04-22 12:06:28 [scrapy] DEBUG: Filtered offsite request to 'sah.wikipedia.org': <GET https://sah.wikipedia.org/wiki/%D0%9A%D0%BE%D1%80%D0%B0%D0%BB%D0%BB>
2016-04-22 12:06:28 [scrapy] DEBUG: Filtered offsite request to 'yi.wikipedia.org': <GET https://yi.wikipedia.org/wiki/%D7%A7%D7%90%D7%A8%D7%90%D7%9C>
2016-04-22 12:06:28 [scrapy] DEBUG: Crawled (200) <GET https://en.wikipedia.org/wiki/Gemstones> (referer: https://en.wikipedia.org/wiki/Birthstone)
2016-04-22 12:06:28 [scrapy] DEBUG: Crawled (200) <GET https://en.wikipedia.org/wiki/Birth_flower> (referer: https://en.wikipedia.org/wiki/Birthstone)
2016-04-22 12:06:28 [scrapy] DEBUG: Crawled (200) <GET https://en.wikipedia.org/wiki/Lodestone> (referer: https://en.wikipedia.org/wiki/Birthstone)
2016-04-22 12:06:28 [scrapy] DEBUG: Crawled (200) <GET https://en.wikipedia.org/wiki/University_of_Chicago_Press> (referer: https://en.wikipedia.org/wiki/Birthstone)
2016-04-22 12:06:28 [scrapy] DEBUG: Crawled (200) <GET https://en.wikipedia.org/wiki/Oxford_University_Press> (referer: https://en.wikipedia.org/wiki/Birthstone)
2016-04-22 12:06:28 [scrapy] DEBUG: Redirecting (301) to <GET https://en.wikipedia.org/wiki/Mother%27s_ring> from <GET https://en.wikipedia.org/wiki/Mother's_ring>
2016-04-22 12:06:28 [scrapy] DEBUG: Retrying <GET https://en.wikipedia.org/wiki/Standard_library> (failed 1 times): [<twisted.python.failure.Failure twisted.internet.error.ConnectionLost: Connection to the other side was lost in a non-clean fashion: Connection lost.>]
2016-04-22 12:06:28 [scrapy] DEBUG: Retrying <GET https://en.wikipedia.org/wiki/Taiwan> (failed 1 times): [<twisted.python.failure.Failure twisted.internet.error.ConnectionLost: Connection to the other side was lost in a non-clean fashion: Connection lost.>, <twisted.python.failure.Failure twisted.web.http._DataLoss: >]
